     1                                 %line 1+1 ast01.asm
     2                                 
     3                                 
     4                                 
     5                                 
     6                                 
     7                                 
     8                                 
     9                                 
    10                                 
    11                                 
    12                                 
    13                                 
    14                                 
    15                                 
    16                                 [section .data]
    17                                 
    18                                 
    19                                 
    20                                 
    21                                 NULL equ 0
    22                                 
    23                                 TRUE equ 1
    24                                 FALSE equ 0
    25                                 
    26                                 EXIT_SUCCESS equ 0
    27                                 
    28                                 SYS_exit equ 60
    29                                 
    30                                 
    31                                 
    32                                 
    33                                 
    34 00000000 22                     bNum1 db 34
    35 00000001 15                     bNum2 db 21
    36 00000002 13                     bNum3 db 19
    37 00000003 0F                     bNum4 db 15
    38 00000004 D2                     bNum5 db -46
    39 00000005 BB                     bNum6 db -69
    40 00000006 00                     bAns1 db 0
    41 00000007 00                     bAns2 db 0
    42 00000008 00                     bAns3 db 0
    43 00000009 00                     bAns4 db 0
    44 0000000A 00                     bAns5 db 0
    45 0000000B 00                     bAns6 db 0
    46 0000000C 00                     bAns7 db 0
    47 0000000D 00                     bAns8 db 0
    48 0000000E 00                     bAns9 db 0
    49 0000000F 00                     bAns10 db 0
    50 00000010 0000                   wAns11 dw 0
    51 00000012 0000                   wAns12 dw 0
    52 00000014 0000                   wAns13 dw 0
    53 00000016 0000                   wAns14 dw 0
    54 00000018 0000                   wAns15 dw 0
    55 0000001A 00                     bAns16 db 0
    56 0000001B 00                     bAns17 db 0
    57 0000001C 00                     bAns18 db 0
    58 0000001D 00                     bRem18 db 0
    59 0000001E 00                     bAns19 db 0
    60 0000001F 00                     bAns20 db 0
    61 00000020 00                     bAns21 db 0
    62 00000021 00                     bRem21 db 0
    63                                 
    64                                 
    65 00000022 3409                   wNum1 dw 2356
    66 00000024 A107                   wNum2 dw 1953
    67 00000026 3503                   wNum3 dw 821
    68 00000028 3F01                   wNum4 dw 319
    69 0000002A 27F9                   wNum5 dw -1753
    70 0000002C 04FB                   wNum6 dw -1276
    71 0000002E 0000                   wAns1 dw 0
    72 00000030 0000                   wAns2 dw 0
    73 00000032 0000                   wAns3 dw 0
    74 00000034 0000                   wAns4 dw 0
    75 00000036 0000                   wAns5 dw 0
    76 00000038 0000                   wAns6 dw 0
    77 0000003A 0000                   wAns7 dw 0
    78 0000003C 0000                   wAns8 dw 0
    79 0000003E 0000                   wAns9 dw 0
    80 00000040 0000                   wAns10 dw 0
    81 00000042 00000000               dAns11 dd 0
    82 00000046 00000000               dAns12 dd 0
    83 0000004A 00000000               dAns13 dd 0
    84 0000004E 00000000               dAns14 dd 0
    85 00000052 00000000               dAns15 dd 0
    86 00000056 0000                   wAns16 dw 0
    87 00000058 0000                   wAns17 dw 0
    88 0000005A 0000                   wAns18 dw 0
    89 0000005C 0000                   wRem18 dw 0
    90 0000005E 0000                   wAns19 dw 0
    91 00000060 0000                   wAns20 dw 0
    92 00000062 0000                   wAns21 dw 0
    93 00000064 0000                   wRem21 dw 0
    94                                 
    95                                 
    96 00000066 2E9E4200               dNum1 dd 4365870
    97 0000006A 63050200               dNum2 dd 132451
    98 0000006E EF480000               dNum3 dd 18671
    99 00000072 19210000               dNum4 dd 8473
   100 00000076 82ACFCFF               dNum5 dd -217982
   101 0000007A C2B6FCFF               dNum6 dd -215358
   102 0000007E 00000000               dAns1 dd 0
   103 00000082 00000000               dAns2 dd 0
   104 00000086 00000000               dAns3 dd 0
   105 0000008A 00000000               dAns4 dd 0
   106 0000008E 00000000               dAns5 dd 0
   107 00000092 00000000               dAns6 dd 0
   108 00000096 00000000               dAns7 dd 0
   109 0000009A 00000000               dAns8 dd 0
   110 0000009E 00000000               dAns9 dd 0
   111 000000A2 00000000               dAns10 dd 0
   112 000000A6 0000000000000000       qAns11 dq 0
   113 000000AE 0000000000000000       qAns12 dq 0
   114 000000B6 0000000000000000       qAns13 dq 0
   115 000000BE 0000000000000000       qAns14 dq 0
   116 000000C6 0000000000000000       qAns15 dq 0
   117 000000CE 00000000               dAns16 dd 0
   118 000000D2 00000000               dAns17 dd 0
   119 000000D6 00000000               dAns18 dd 0
   120 000000DA 00000000               dRem18 dd 0
   121 000000DE 00000000               dAns19 dd 0
   122 000000E2 00000000               dAns20 dd 0
   123 000000E6 00000000               dAns21 dd 0
   124 000000EA 00000000               dRem21 dd 0
   125                                 
   126                                 
   127 000000EE 8F61120000000000       qNum1 dq 1204623
   128 000000F6 6BED0F0000000000       qNum2 dq 1043819
   129 000000FE 6356060000000000       qNum3 dq 415331
   130 00000106 3DD5030000000000       qNum4 dq 251197
   131 0000010E 3CF2F1FFFFFFFFFF       qNum5 dq -921028
   132 00000116 D1B3FBFFFFFFFFFF       qNum6 dq -281647
   133 0000011E 0000000000000000       qAns1 dq 0
   134 00000126 0000000000000000       qAns2 dq 0
   135 0000012E 0000000000000000       qAns3 dq 0
   136 00000136 0000000000000000       qAns4 dq 0
   137 0000013E 0000000000000000       qAns5 dq 0
   138 00000146 0000000000000000       qAns6 dq 0
   139 0000014E 0000000000000000       qAns7 dq 0
   140 00000156 0000000000000000       qAns8 dq 0
   141 0000015E 0000000000000000       qAns9 dq 0
   142 00000166 0000000000000000       qAns10 dq 0
   143 0000016E 000000000000000000-    dqAns11 ddq 0
   144 0000016E 00000000000000     
   145 0000017E 000000000000000000-    dqAns12 ddq 0
   146 0000017E 00000000000000     
   147 0000018E 000000000000000000-    dqAns13 ddq 0
   148 0000018E 00000000000000     
   149 0000019E 000000000000000000-    dqAns14 ddq 0
   150 0000019E 00000000000000     
   151 000001AE 000000000000000000-    dqAns15 ddq 0
   152 000001AE 00000000000000     
   153 000001BE 0000000000000000       qAns16 dq 0
   154 000001C6 0000000000000000       qAns17 dq 0
   155 000001CE 0000000000000000       qAns18 dq 0
   156 000001D6 0000000000000000       qRem18 dq 0
   157 000001DE 0000000000000000       qAns19 dq 0
   158 000001E6 0000000000000000       qAns20 dq 0
   159 000001EE 0000000000000000       qAns21 dq 0
   160 000001F6 0000000000000000       qRem21 dq 0
   161                                 
   162                                 
   163                                 
   164                                 [section .text]
   165                                 [global _start]
   166                                 _start:
   167                                 
   168                                 
   169                                 
   170                                 
   171                                 
   172                                 
   173                                 
   174 00000000 8A0425[00000000]        mov al, byte [bNum6]
   175 00000007 020425[00000000]        add al, byte [bNum4]
   176 0000000E 880425[00000000]        mov byte [bAns4], al
   177                                 
   178                                 
   179 00000015 8A0425[00000000]        mov al, byte [bNum6]
   180 0000001C 020425[00000000]        add al, byte [bNum3]
   181 00000023 880425[00000000]        mov byte [bAns5], al
   182                                 
   183                                 
   184                                 
   185                                 
   186 0000002A 8A0425[00000000]        mov al, byte [bNum6]
   187 00000031 2A0425[00000000]        sub al, byte [bNum4]
   188 00000038 880425[00000000]        mov byte [bAns9], al
   189                                 
   190                                 
   191 0000003F 8A0425[00000000]        mov al, byte [bNum6]
   192 00000046 2A0425[00000000]        sub al, byte [bNum5]
   193 0000004D 880425[00000000]        mov byte [bAns10], al
   194                                 
   195                                 
   196                                 
   197                                 
   198 00000054 660FB60425[00000000]      movzx ax, byte [bNum1]
   199 0000005D 660FB60C25[00000000]      movzx cx, byte [bNum3]
   200 00000066 66F7E1                  mul cx
   201 00000069 66890425[00000000]      mov word [wAns11], ax
   202                                 
   203                                 
   204 00000071 660FB60425[00000000]      movzx ax, byte [bNum2]
   205 0000007A 660FB60C25[00000000]      movzx cx, byte [bNum3]
   206 00000083 66F7E1                  mul cx
   207 00000086 66890425[00000000]      mov word [wAns12], ax
   208                                 
   209                                 
   210                                 
   211                                 
   212 0000008E 660FBE0425[00000000]      movsx ax, byte [bNum5]
   213 00000097 660FBE0C25[00000000]      movsx cx, byte [bNum2]
   214 000000A0 66F7E9                  imul cx
   215 000000A3 66890425[00000000]      mov word [wAns14], ax
   216                                 
   217                                 
   218 000000AB 660FBE0425[00000000]      movsx ax, byte [bNum6]
   219 000000B4 660FBE0C25[00000000]      movsx cx, byte [bNum3]
   220 000000BD 66F7E9                  imul cx
   221 000000C0 66890425[00000000]      mov word [wAns15], ax
   222                                 
   223                                 
   224                                 
   225                                 
   226 000000C8 66B80000                mov ax, 0
   227 000000CC 8A0425[00000000]        mov al, byte [bNum1]
   228 000000D3 F63425[00000000]        div byte [bNum2]
   229 000000DA 880425[00000000]        mov byte [bAns16], al
   230                                 
   231                                 
   232 000000E1 668B0425[00000000]      mov ax, word [wNum2]
   233 000000E9 8A1C25[00000000]        mov bl, byte [bNum4]
   234 000000F0 F6F3                    div bl
   235 000000F2 880425[00000000]        mov byte [bAns18], al
   236 000000F9 882425[00000000]        mov byte [bRem18], ah
   237                                 
   238                                 
   239                                 
   240                                 
   241 00000100 8A0425[00000000]        mov al, byte [bNum5]
   242 00000107 6698                    cbw
   243 00000109 F63C25[00000000]        idiv byte [bNum3]
   244 00000110 880425[00000000]        mov byte [bAns19], al
   245                                 
   246                                 
   247 00000117 668B0425[00000000]      mov ax, word [wNum4]
   248 0000011F F63C25[00000000]        idiv byte [bNum1]
   249 00000126 880425[00000000]        mov byte [bAns21], al
   250                                 
   251                                 
   252 0000012D 882425[00000000]        mov byte [bRem21], ah
   253                                 
   254                                 
   255                                 
   256                                 
   257                                 
   258                                 
   259                                 
   260 00000134 668B0425[00000000]      mov ax, word [wNum5]
   261 0000013C 66030425[00000000]      add ax, word [wNum3]
   262 00000144 66890425[00000000]      mov word [wAns4], ax
   263                                 
   264                                 
   265 0000014C 668B0425[00000000]      mov ax, word [wNum6]
   266 00000154 66030425[00000000]      add ax, word [wNum1]
   267 0000015C 66890425[00000000]      mov word [wAns5], ax
   268                                 
   269                                 
   270                                 
   271                                 
   272 00000164 668B0425[00000000]      mov ax, word [wNum5]
   273 0000016C 662B0425[00000000]      sub ax, word [wNum2]
   274 00000174 66890425[00000000]      mov word [wAns9], ax
   275                                 
   276                                 
   277 0000017C 668B0425[00000000]      mov ax, word [wNum6]
   278 00000184 662B0425[00000000]      sub ax, word [wNum3]
   279 0000018C 66890425[00000000]      mov word [wAns10], ax
   280                                 
   281                                 
   282                                 
   283                                 
   284 00000194 668B0425[00000000]      mov ax, word [wNum1]
   285 0000019C 66F72425[00000000]      mul word [wNum2]
   286 000001A4 66890425[00000000]      mov word [dAns11], ax
   287 000001AC 66891425[02000000]      mov word [dAns11+2], dx
   288                                 
   289                                 
   290 000001B4 668B0425[00000000]      mov ax, word [wNum2]
   291 000001BC 66F72425[00000000]      mul word [wNum3]
   292 000001C4 66890425[00000000]      mov word [dAns12], ax
   293 000001CC 66891425[02000000]      mov word [dAns12+2], dx
   294                                 
   295                                 
   296                                 
   297                                 
   298 000001D4 668B0425[00000000]      mov ax, word [wNum5]
   299 000001DC 66F72C25[00000000]      imul word [wNum1]
   300 000001E4 66890425[00000000]      mov word [dAns14], ax
   301 000001EC 66891425[02000000]      mov word [dAns14+2], dx
   302                                 
   303                                 
   304 000001F4 668B0425[00000000]      mov ax, word [wNum6]
   305 000001FC 66F72C25[00000000]      imul word [wNum2]
   306 00000204 66890425[00000000]      mov word [dAns15], ax
   307 0000020C 66891425[02000000]      mov word [dAns15+2], dx
   308                                 
   309                                 
   310                                 
   311                                 
   312 00000214 66BA0000                mov dx, 0
   313 00000218 668B0425[00000000]      mov ax, word [wNum1]
   314 00000220 66F73425[00000000]      div word [wNum2]
   315 00000228 66890425[00000000]      mov word [wAns16], ax
   316                                 
   317                                 
   318 00000230 8B0425[00000000]        mov eax, dword [dNum3]
   319 00000237 66BA0000                mov dx, 0
   320 0000023B 668B0425[00000000]      mov ax, word [dNum3]
   321 00000243 66F73425[00000000]      div word [wNum4]
   322 0000024B 66890425[00000000]      mov word [wAns18], ax
   323                                 
   324                                 
   325 00000253 66891425[00000000]      mov word [wRem18], dx
   326                                 
   327                                 
   328                                 
   329                                 
   330 0000025B 668B0425[00000000]      mov ax, word [wNum5]
   331 00000263 6699                    cwd
   332 00000265 66F73C25[00000000]      idiv word [wNum3]
   333 0000026D 66890425[00000000]      mov word [wAns19], ax
   334                                 
   335                                 
   336 00000275 8B0425[00000000]        mov eax, dword [dNum1]
   337 0000027C 99                      cdq
   338 0000027D BB00000000              mov ebx, 0
   339 00000282 668B1C25[00000000]      mov bx, word [wNum2]
   340 0000028A F7FB                    idiv ebx
   341 0000028C 66890425[00000000]      mov word [wAns21], ax
   342                                 
   343                                 
   344 00000294 66891425[00000000]      mov word [wRem21], dx
   345                                 
   346                                 
   347                                 
   348                                 
   349                                 
   350                                 
   351                                 
   352 0000029C 8B0425[00000000]        mov eax, dword [dNum5]
   353 000002A3 030425[00000000]        add eax, dword [dNum3]
   354 000002AA 890425[00000000]        mov dword [dAns4], eax
   355                                 
   356                                 
   357 000002B1 8B0425[00000000]        mov eax, dword [dNum6]
   358 000002B8 030425[00000000]        add eax, dword [dNum4]
   359 000002BF 890425[00000000]        mov dword [dAns5], eax
   360                                 
   361                                 
   362                                 
   363                                 
   364 000002C6 8B0425[00000000]        mov eax, dword [dNum5]
   365 000002CD 2B0425[00000000]        sub eax, dword [dNum2]
   366 000002D4 890425[00000000]        mov dword [dAns9], eax
   367                                 
   368                                 
   369 000002DB 8B0425[00000000]        mov eax, dword [dNum6]
   370 000002E2 2B0425[00000000]        sub eax, dword [dNum3]
   371 000002E9 890425[00000000]        mov dword [dAns10], eax
   372                                 
   373                                 
   374                                 
   375                                 
   376 000002F0 48C7C000000000          mov rax, 0
   377 000002F7 8B0425[00000000]        mov eax, dword [dNum1]
   378 000002FE 48C7C100000000          mov rcx, 0
   379 00000305 8B0C25[00000000]        mov ecx, dword [dNum2]
   380 0000030C 48F7E1                  mul rcx
   381 0000030F 48890425[00000000]      mov qword [qAns11], rax
   382                                 
   383                                 
   384 00000317 48C7C000000000          mov rax, 0
   385 0000031E 8B0425[00000000]        mov eax, dword [dNum2]
   386 00000325 48C7C100000000          mov rcx, 0
   387 0000032C 8B0C25[00000000]        mov ecx, dword [dNum3]
   388 00000333 48F7E1                  mul rcx
   389 00000336 48890425[00000000]      mov qword [qAns12], rax
   390                                 
   391                                 
   392                                 
   393                                 
   394 0000033E 48630425[00000000]      movsxd rax, dword [dNum5]
   395 00000346 48630C25[00000000]      movsxd rcx, dword [dNum1]
   396 0000034E 48F7E9                  imul rcx
   397 00000351 48890425[00000000]      mov qword [qAns14], rax
   398                                 
   399                                 
   400 00000359 48630425[00000000]      movsxd rax, dword [dNum6]
   401 00000361 48630C25[00000000]      movsxd rcx, dword [dNum2]
   402 00000369 48F7E9                  imul rcx
   403 0000036C 48890425[00000000]      mov qword [qAns15], rax
   404                                 
   405                                 
   406                                 
   407 00000374 BA00000000              mov edx, 0
   408 00000379 8B0425[00000000]        mov eax, dword [dNum2]
   409 00000380 F73425[00000000]        div dword [dNum3]
   410 00000387 890425[00000000]        mov dword [dAns16], eax
   411                                 
   412                                 
   413 0000038E 48C7C200000000          mov rdx, 0
   414 00000395 488B0425[00000000]      mov rax, qword [qAns12]
   415 0000039D F73425[00000000]        div dword [dNum4]
   416 000003A4 890425[00000000]        mov dword [dAns18], eax
   417                                 
   418                                 
   419 000003AB 891425[00000000]        mov dword [dRem18], edx
   420                                 
   421                                 
   422                                 
   423                                 
   424 000003B2 8B0425[00000000]        mov eax, dword [dNum5]
   425 000003B9 99                      cdq
   426 000003BA F73C25[00000000]        idiv dword [dNum2]
   427 000003C1 890425[00000000]        mov dword [dAns19], eax
   428                                 
   429                                 
   430 000003C8 488B0425[00000000]      mov rax, qword [qAns12]
   431 000003D0 4899                    cqo
   432 000003D2 F73C25[00000000]        idiv dword [dNum4]
   433 000003D9 890425[00000000]        mov dword [dAns21], eax
   434                                 
   435                                 
   436 000003E0 891425[00000000]        mov dword [dRem21], edx
   437                                 
   438                                 
   439                                 
   440                                 
   441                                 
   442                                 
   443 000003E7 488B0425[00000000]      mov rax, qword [qNum5]
   444 000003EF 48030425[00000000]      add rax, qword [qNum1]
   445 000003F7 48890425[00000000]      mov qword [qAns4], rax
   446                                 
   447                                 
   448 000003FF 488B0425[00000000]      mov rax, qword [qNum6]
   449 00000407 48030425[00000000]      add rax, qword [qNum2]
   450 0000040F 48890425[00000000]      mov qword [qAns5], rax
   451                                 
   452                                 
   453                                 
   454                                 
   455 00000417 488B0425[00000000]      mov rax, qword [qNum5]
   456 0000041F 482B0425[00000000]      sub rax, qword [qNum3]
   457 00000427 48890425[00000000]      mov qword [qAns9], rax
   458                                 
   459                                 
   460 0000042F 488B0425[00000000]      mov rax, qword [qNum6]
   461 00000437 482B0425[00000000]      sub rax, qword [qNum4]
   462 0000043F 48890425[00000000]      mov qword [qAns10], rax
   463                                 
   464                                 
   465                                 
   466                                 
   467 00000447 488B0425[00000000]      mov rax, qword [qNum1]
   468 0000044F 48F72425[00000000]      mul qword [qNum2]
   469 00000457 48890425[00000000]      mov qword [dqAns11], rax
   470 0000045F 48891425[08000000]      mov qword [dqAns11+8], rdx
   471                                 
   472                                 
   473 00000467 488B0425[00000000]      mov rax, qword [qNum2]
   474 0000046F 48F72425[00000000]      mul qword [qNum3]
   475 00000477 48890425[00000000]      mov qword [dqAns12], rax
   476 0000047F 48891425[08000000]      mov qword [dqAns12+8], rdx
   477                                 
   478                                 
   479                                 
   480                                 
   481 00000487 488B0425[00000000]      mov rax, qword [qNum5]
   482 0000048F 48F72C25[00000000]      imul qword [qNum3]
   483 00000497 48890425[00000000]      mov qword [dqAns14], rax
   484 0000049F 48891425[08000000]      mov qword [dqAns14+8], rdx
   485                                 
   486                                 
   487 000004A7 488B0425[00000000]      mov rax, qword [qNum6]
   488 000004AF 48F72C25[00000000]      imul qword [qNum4]
   489 000004B7 48890425[00000000]      mov qword [dqAns15], rax
   490 000004BF 48891425[08000000]      mov qword [dqAns15+8], rdx
   491                                 
   492                                 
   493                                 
   494                                 
   495 000004C7 48C7C200000000          mov rdx, 0
   496 000004CE 488B0425[00000000]      mov rax, qword [qNum1]
   497 000004D6 48F73425[00000000]      div qword [qNum2]
   498 000004DE 48890425[00000000]      mov qword [qAns16], rax
   499                                 
   500                                 
   501 000004E6 488B0425[00000000]      mov rax, qword [dqAns12]
   502 000004EE 488B1425[08000000]      mov rdx, qword [dqAns12+8]
   503 000004F6 48F73425[00000000]      div qword [qNum4]
   504 000004FE 48890425[00000000]      mov qword [qAns18], rax
   505                                 
   506                                 
   507 00000506 48891425[00000000]      mov qword [qRem18], rdx
   508                                 
   509                                 
   510                                 
   511                                 
   512 0000050E 488B0425[00000000]      mov rax, qword [qNum5]
   513 00000516 4899                    cqo
   514 00000518 48F73C25[00000000]      idiv qword [qNum3]
   515 00000520 48890425[00000000]      mov qword [qAns19], rax
   516                                 
   517                                 
   518 00000528 488B0425[00000000]      mov rax, qword [dqAns12]
   519 00000530 488B1425[08000000]      mov rdx, qword [dqAns12+8]
   520 00000538 48F73C25[00000000]      idiv qword [qNum4]
   521 00000540 48890425[00000000]      mov qword [qAns21], rax
   522                                 
   523                                 
   524 00000548 48891425[00000000]      mov qword [qRem21], rdx
   525                                 
   526                                 
   527                                 
   528                                 
   529                                 last:
   530 00000550 48C7C03C000000          mov rax, SYS_exit
   531 00000557 48C7C700000000          mov rdi, EXIT_SUCCESS
   532 0000055E 0F05                    syscall
   533                                 
